
*** Running vivado
    with args -log mult_nd_multiplier.vds -m64 -product Vivado -mode batch -messageDb vivado.pb -notrace -source mult_nd_multiplier.tcl


****** Vivado v2019.2 (64-bit)
  **** SW Build 2708876 on Wed Nov  6 21:39:14 MST 2019
  **** IP Build 2700528 on Thu Nov  7 00:09:20 MST 2019
    ** Copyright 1986-2019 Xilinx, Inc. All Rights Reserved.

source mult_nd_multiplier.tcl -notrace
Command: synth_design -top mult_nd_multiplier -part xc7a200tfbg676-2 -mode out_of_context
Starting synth_design
Attempting to get a license for feature 'Synthesis' and/or device 'xc7a200t'
INFO: [Common 17-349] Got license for feature 'Synthesis' and/or device 'xc7a200t'
INFO: [Device 21-403] Loading part xc7a200tfbg676-2
INFO: Launching helper process for spawning children vivado processes
INFO: Helper process launched with PID 4783 
---------------------------------------------------------------------------------
Starting RTL Elaboration : Time (s): cpu = 00:00:03 ; elapsed = 00:00:04 . Memory (MB): peak = 2025.590 ; gain = 201.684 ; free physical = 57036 ; free virtual = 62308
---------------------------------------------------------------------------------
INFO: [Synth 8-638] synthesizing module 'mult_nd_multiplier' [/home/fpga/project_fixed/project_fixed.srcs/sources_1/ip/mult_nd_multiplier/synth/mult_nd_multiplier.vhd:68]
WARNING: [Synth 8-5640] Port 'zero_detect' is missing in component declaration [/home/fpga/project_fixed/project_fixed.srcs/sources_1/ip/mult_nd_multiplier/synth/mult_nd_multiplier.vhd:71]
WARNING: [Synth 8-5640] Port 'pcasc' is missing in component declaration [/home/fpga/project_fixed/project_fixed.srcs/sources_1/ip/mult_nd_multiplier/synth/mult_nd_multiplier.vhd:71]
	Parameter C_VERBOSITY bound to: 0 - type: integer 
	Parameter C_MODEL_TYPE bound to: 0 - type: integer 
	Parameter C_OPTIMIZE_GOAL bound to: 1 - type: integer 
	Parameter C_XDEVICEFAMILY bound to: artix7 - type: string 
	Parameter C_HAS_CE bound to: 0 - type: integer 
	Parameter C_HAS_SCLR bound to: 0 - type: integer 
	Parameter C_LATENCY bound to: 5 - type: integer 
	Parameter C_A_WIDTH bound to: 24 - type: integer 
	Parameter C_A_TYPE bound to: 0 - type: integer 
	Parameter C_B_WIDTH bound to: 48 - type: integer 
	Parameter C_B_TYPE bound to: 0 - type: integer 
	Parameter C_OUT_HIGH bound to: 47 - type: integer 
	Parameter C_OUT_LOW bound to: 0 - type: integer 
	Parameter C_MULT_TYPE bound to: 1 - type: integer 
	Parameter C_CE_OVERRIDES_SCLR bound to: 0 - type: integer 
	Parameter C_CCM_IMP bound to: 0 - type: integer 
	Parameter C_B_VALUE bound to: 10000001 - type: string 
	Parameter C_HAS_ZERO_DETECT bound to: 0 - type: integer 
	Parameter C_ROUND_OUTPUT bound to: 0 - type: integer 
	Parameter C_ROUND_PT bound to: 0 - type: integer 
INFO: [Synth 8-3491] module 'mult_gen_v12_0_16' declared at '/home/fpga/project_fixed/project_fixed.srcs/sources_1/ip/mult_nd_multiplier/hdl/mult_gen_v12_0_vh_rfs.vhd:21013' bound to instance 'U0' of component 'mult_gen_v12_0_16' [/home/fpga/project_fixed/project_fixed.srcs/sources_1/ip/mult_nd_multiplier/synth/mult_nd_multiplier.vhd:120]
INFO: [Synth 8-256] done synthesizing module 'mult_nd_multiplier' (6#1) [/home/fpga/project_fixed/project_fixed.srcs/sources_1/ip/mult_nd_multiplier/synth/mult_nd_multiplier.vhd:68]
WARNING: [Synth 8-3331] design delay_line__parameterized6 has unconnected port CLK
WARNING: [Synth 8-3331] design delay_line__parameterized6 has unconnected port CE
WARNING: [Synth 8-3331] design delay_line__parameterized6 has unconnected port SCLR
WARNING: [Synth 8-3331] design delay_line__parameterized5 has unconnected port CE
WARNING: [Synth 8-3331] design delay_line__parameterized5 has unconnected port SCLR
WARNING: [Synth 8-3331] design delay_line__parameterized4 has unconnected port CE
WARNING: [Synth 8-3331] design delay_line__parameterized4 has unconnected port SCLR
WARNING: [Synth 8-3331] design delay_line__parameterized3 has unconnected port CE
WARNING: [Synth 8-3331] design delay_line__parameterized3 has unconnected port SCLR
WARNING: [Synth 8-3331] design delay_line__parameterized2 has unconnected port CLK
WARNING: [Synth 8-3331] design delay_line__parameterized2 has unconnected port CE
WARNING: [Synth 8-3331] design delay_line__parameterized2 has unconnected port SCLR
WARNING: [Synth 8-3331] design delay_line__parameterized1 has unconnected port CE
WARNING: [Synth 8-3331] design delay_line__parameterized1 has unconnected port SCLR
WARNING: [Synth 8-3331] design delay_line__parameterized0 has unconnected port CLK
WARNING: [Synth 8-3331] design delay_line__parameterized0 has unconnected port CE
WARNING: [Synth 8-3331] design delay_line__parameterized0 has unconnected port SCLR
WARNING: [Synth 8-3331] design delay_line has unconnected port CLK
WARNING: [Synth 8-3331] design delay_line has unconnected port CE
WARNING: [Synth 8-3331] design delay_line has unconnected port SCLR
WARNING: [Synth 8-3331] design dsp has unconnected port D_PORT[24]
WARNING: [Synth 8-3331] design dsp has unconnected port D_PORT[23]
WARNING: [Synth 8-3331] design dsp has unconnected port D_PORT[22]
WARNING: [Synth 8-3331] design dsp has unconnected port D_PORT[21]
WARNING: [Synth 8-3331] design dsp has unconnected port D_PORT[20]
WARNING: [Synth 8-3331] design dsp has unconnected port D_PORT[19]
WARNING: [Synth 8-3331] design dsp has unconnected port D_PORT[18]
WARNING: [Synth 8-3331] design dsp has unconnected port D_PORT[17]
WARNING: [Synth 8-3331] design dsp has unconnected port D_PORT[16]
WARNING: [Synth 8-3331] design dsp has unconnected port D_PORT[15]
WARNING: [Synth 8-3331] design dsp has unconnected port D_PORT[14]
WARNING: [Synth 8-3331] design dsp has unconnected port D_PORT[13]
WARNING: [Synth 8-3331] design dsp has unconnected port D_PORT[12]
WARNING: [Synth 8-3331] design dsp has unconnected port D_PORT[11]
WARNING: [Synth 8-3331] design dsp has unconnected port D_PORT[10]
WARNING: [Synth 8-3331] design dsp has unconnected port D_PORT[9]
WARNING: [Synth 8-3331] design dsp has unconnected port D_PORT[8]
WARNING: [Synth 8-3331] design dsp has unconnected port D_PORT[7]
WARNING: [Synth 8-3331] design dsp has unconnected port D_PORT[6]
WARNING: [Synth 8-3331] design dsp has unconnected port D_PORT[5]
WARNING: [Synth 8-3331] design dsp has unconnected port D_PORT[4]
WARNING: [Synth 8-3331] design dsp has unconnected port D_PORT[3]
WARNING: [Synth 8-3331] design dsp has unconnected port D_PORT[2]
WARNING: [Synth 8-3331] design dsp has unconnected port D_PORT[1]
WARNING: [Synth 8-3331] design dsp has unconnected port D_PORT[0]
WARNING: [Synth 8-3331] design dsp has unconnected port CARRY_IN
WARNING: [Synth 8-3331] design mult_gen_v12_0_16_viv has unconnected port CE
WARNING: [Synth 8-3331] design mult_gen_v12_0_16_viv has unconnected port SCLR
---------------------------------------------------------------------------------
Finished RTL Elaboration : Time (s): cpu = 00:00:05 ; elapsed = 00:00:07 . Memory (MB): peak = 2118.340 ; gain = 294.434 ; free physical = 56991 ; free virtual = 62277
---------------------------------------------------------------------------------

Report Check Netlist: 
+------+------------------+-------+---------+-------+------------------+
|      |Item              |Errors |Warnings |Status |Description       |
+------+------------------+-------+---------+-------+------------------+
|1     |multi_driven_nets |      0|        0|Passed |Multi driven nets |
+------+------------------+-------+---------+-------+------------------+
---------------------------------------------------------------------------------
Start Handling Custom Attributes
---------------------------------------------------------------------------------
---------------------------------------------------------------------------------
Finished Handling Custom Attributes : Time (s): cpu = 00:00:05 ; elapsed = 00:00:07 . Memory (MB): peak = 2118.340 ; gain = 294.434 ; free physical = 56980 ; free virtual = 62273
---------------------------------------------------------------------------------
---------------------------------------------------------------------------------
Finished RTL Optimization Phase 1 : Time (s): cpu = 00:00:05 ; elapsed = 00:00:07 . Memory (MB): peak = 2118.340 ; gain = 294.434 ; free physical = 56980 ; free virtual = 62273
---------------------------------------------------------------------------------
Netlist sorting complete. Time (s): cpu = 00:00:00 ; elapsed = 00:00:00 . Memory (MB): peak = 2118.340 ; gain = 0.000 ; free physical = 56975 ; free virtual = 62267
INFO: [Netlist 29-17] Analyzing 3 Unisim elements for replacement
INFO: [Netlist 29-28] Unisim Transformation completed in 0 CPU seconds
INFO: [Project 1-570] Preparing netlist for logic optimization

Processing XDC Constraints
Initializing timing engine
Parsing XDC File [/home/fpga/project_fixed/project_fixed.srcs/sources_1/ip/mult_nd_multiplier/mult_nd_multiplier_ooc.xdc] for cell 'U0'
Finished Parsing XDC File [/home/fpga/project_fixed/project_fixed.srcs/sources_1/ip/mult_nd_multiplier/mult_nd_multiplier_ooc.xdc] for cell 'U0'
Parsing XDC File [/home/fpga/project_fixed/project_fixed.runs/mult_nd_multiplier_synth_1/dont_touch.xdc]
Finished Parsing XDC File [/home/fpga/project_fixed/project_fixed.runs/mult_nd_multiplier_synth_1/dont_touch.xdc]
Completed Processing XDC Constraints

Netlist sorting complete. Time (s): cpu = 00:00:00 ; elapsed = 00:00:00 . Memory (MB): peak = 2214.152 ; gain = 0.000 ; free physical = 56905 ; free virtual = 62190
INFO: [Project 1-111] Unisim Transformation Summary:
No Unisim elements were transformed.

Constraint Validation Runtime : Time (s): cpu = 00:00:00.01 ; elapsed = 00:00:00.02 . Memory (MB): peak = 2214.152 ; gain = 0.000 ; free physical = 56905 ; free virtual = 62189
---------------------------------------------------------------------------------
Finished Constraint Validation : Time (s): cpu = 00:00:10 ; elapsed = 00:00:13 . Memory (MB): peak = 2214.152 ; gain = 390.246 ; free physical = 57007 ; free virtual = 62287
---------------------------------------------------------------------------------
---------------------------------------------------------------------------------
Start Loading Part and Timing Information
---------------------------------------------------------------------------------
Loading part: xc7a200tfbg676-2
---------------------------------------------------------------------------------
Finished Loading Part and Timing Information : Time (s): cpu = 00:00:10 ; elapsed = 00:00:13 . Memory (MB): peak = 2214.152 ; gain = 390.246 ; free physical = 57007 ; free virtual = 62287
---------------------------------------------------------------------------------
---------------------------------------------------------------------------------
Start Applying 'set_property' XDC Constraints
---------------------------------------------------------------------------------
Applied set_property DONT_TOUCH = true for U0. (constraint file  /home/fpga/project_fixed/project_fixed.runs/mult_nd_multiplier_synth_1/dont_touch.xdc, line 9).
---------------------------------------------------------------------------------
Finished applying 'set_property' XDC Constraints : Time (s): cpu = 00:00:10 ; elapsed = 00:00:13 . Memory (MB): peak = 2214.152 ; gain = 390.246 ; free physical = 57007 ; free virtual = 62287
---------------------------------------------------------------------------------
---------------------------------------------------------------------------------
Finished RTL Optimization Phase 2 : Time (s): cpu = 00:00:10 ; elapsed = 00:00:13 . Memory (MB): peak = 2214.152 ; gain = 390.246 ; free physical = 57006 ; free virtual = 62287
---------------------------------------------------------------------------------

Report RTL Partitions: 
+-+--------------+------------+----------+
| |RTL Partition |Replication |Instances |
+-+--------------+------------+----------+
+-+--------------+------------+----------+
---------------------------------------------------------------------------------
Start RTL Component Statistics 
---------------------------------------------------------------------------------
---------------------------------------------------------------------------------
Finished RTL Component Statistics 
---------------------------------------------------------------------------------
---------------------------------------------------------------------------------
Start RTL Hierarchical Component Statistics 
---------------------------------------------------------------------------------
---------------------------------------------------------------------------------
Finished RTL Hierarchical Component Statistics
---------------------------------------------------------------------------------
---------------------------------------------------------------------------------
Start Part Resource Summary
---------------------------------------------------------------------------------
Part Resources:
DSPs: 740 (col length:100)
BRAMs: 730 (col length: RAMB18 100 RAMB36 50)
---------------------------------------------------------------------------------
Finished Part Resource Summary
---------------------------------------------------------------------------------
---------------------------------------------------------------------------------
Start Cross Boundary and Area Optimization
---------------------------------------------------------------------------------
Warning: Parallel synthesis criteria is not met 
WARNING: [Synth 8-3331] design mult_gen_v12_0_16_viv has unconnected port CE
WARNING: [Synth 8-3331] design mult_gen_v12_0_16_viv has unconnected port SCLR
INFO: [Synth 8-3333] propagating constant 0 across sequential element (U0/i_mult/\gDSP.gDSP_only.iDSP/use_prim.appDSP48[0].bppDSP48[1].use_subtract_delay.subtract_delay/d1.dout_i_reg[0] )
---------------------------------------------------------------------------------
Finished Cross Boundary and Area Optimization : Time (s): cpu = 00:00:10 ; elapsed = 00:00:13 . Memory (MB): peak = 2214.152 ; gain = 390.246 ; free physical = 57003 ; free virtual = 62287
---------------------------------------------------------------------------------

Report RTL Partitions: 
+-+--------------+------------+----------+
| |RTL Partition |Replication |Instances |
+-+--------------+------------+----------+
+-+--------------+------------+----------+
---------------------------------------------------------------------------------
Start Applying XDC Timing Constraints
---------------------------------------------------------------------------------
---------------------------------------------------------------------------------
Finished Applying XDC Timing Constraints : Time (s): cpu = 00:00:16 ; elapsed = 00:00:20 . Memory (MB): peak = 2214.152 ; gain = 390.246 ; free physical = 56769 ; free virtual = 62109
---------------------------------------------------------------------------------
---------------------------------------------------------------------------------
Start Timing Optimization
---------------------------------------------------------------------------------
---------------------------------------------------------------------------------
Finished Timing Optimization : Time (s): cpu = 00:00:16 ; elapsed = 00:00:20 . Memory (MB): peak = 2214.152 ; gain = 390.246 ; free physical = 56768 ; free virtual = 62108
---------------------------------------------------------------------------------

Report RTL Partitions: 
+-+--------------+------------+----------+
| |RTL Partition |Replication |Instances |
+-+--------------+------------+----------+
+-+--------------+------------+----------+
---------------------------------------------------------------------------------
Start Technology Mapping
---------------------------------------------------------------------------------
---------------------------------------------------------------------------------
Finished Technology Mapping : Time (s): cpu = 00:00:16 ; elapsed = 00:00:20 . Memory (MB): peak = 2214.152 ; gain = 390.246 ; free physical = 56767 ; free virtual = 62108
---------------------------------------------------------------------------------

Report RTL Partitions: 
+-+--------------+------------+----------+
| |RTL Partition |Replication |Instances |
+-+--------------+------------+----------+
+-+--------------+------------+----------+
---------------------------------------------------------------------------------
Start IO Insertion
---------------------------------------------------------------------------------
---------------------------------------------------------------------------------
Start Flattening Before IO Insertion
---------------------------------------------------------------------------------
---------------------------------------------------------------------------------
Finished Flattening Before IO Insertion
---------------------------------------------------------------------------------
---------------------------------------------------------------------------------
Start Final Netlist Cleanup
---------------------------------------------------------------------------------
---------------------------------------------------------------------------------
Finished Final Netlist Cleanup
---------------------------------------------------------------------------------
---------------------------------------------------------------------------------
Finished IO Insertion : Time (s): cpu = 00:00:18 ; elapsed = 00:00:23 . Memory (MB): peak = 2214.152 ; gain = 390.246 ; free physical = 56763 ; free virtual = 62109
---------------------------------------------------------------------------------
---------------------------------------------------------------------------------
Start Renaming Generated Instances
---------------------------------------------------------------------------------
---------------------------------------------------------------------------------
Finished Renaming Generated Instances : Time (s): cpu = 00:00:18 ; elapsed = 00:00:23 . Memory (MB): peak = 2214.152 ; gain = 390.246 ; free physical = 56763 ; free virtual = 62109
---------------------------------------------------------------------------------

Report RTL Partitions: 
+-+--------------+------------+----------+
| |RTL Partition |Replication |Instances |
+-+--------------+------------+----------+
+-+--------------+------------+----------+

Report Check Netlist: 
+------+------------------+-------+---------+-------+------------------+
|      |Item              |Errors |Warnings |Status |Description       |
+------+------------------+-------+---------+-------+------------------+
|1     |multi_driven_nets |      0|        0|Passed |Multi driven nets |
+------+------------------+-------+---------+-------+------------------+
---------------------------------------------------------------------------------
Start Rebuilding User Hierarchy
---------------------------------------------------------------------------------
---------------------------------------------------------------------------------
Finished Rebuilding User Hierarchy : Time (s): cpu = 00:00:18 ; elapsed = 00:00:23 . Memory (MB): peak = 2214.152 ; gain = 390.246 ; free physical = 56763 ; free virtual = 62109
---------------------------------------------------------------------------------
---------------------------------------------------------------------------------
Start Renaming Generated Ports
---------------------------------------------------------------------------------
---------------------------------------------------------------------------------
Finished Renaming Generated Ports : Time (s): cpu = 00:00:18 ; elapsed = 00:00:23 . Memory (MB): peak = 2214.152 ; gain = 390.246 ; free physical = 56763 ; free virtual = 62109
---------------------------------------------------------------------------------
---------------------------------------------------------------------------------
Start Handling Custom Attributes
---------------------------------------------------------------------------------
---------------------------------------------------------------------------------
Finished Handling Custom Attributes : Time (s): cpu = 00:00:18 ; elapsed = 00:00:23 . Memory (MB): peak = 2214.152 ; gain = 390.246 ; free physical = 56763 ; free virtual = 62109
---------------------------------------------------------------------------------
---------------------------------------------------------------------------------
Start Renaming Generated Nets
---------------------------------------------------------------------------------
---------------------------------------------------------------------------------
Finished Renaming Generated Nets : Time (s): cpu = 00:00:18 ; elapsed = 00:00:23 . Memory (MB): peak = 2214.152 ; gain = 390.246 ; free physical = 56763 ; free virtual = 62109
---------------------------------------------------------------------------------
---------------------------------------------------------------------------------
Start Writing Synthesis Report
---------------------------------------------------------------------------------

Report BlackBoxes: 
+-+--------------+----------+
| |BlackBox name |Instances |
+-+--------------+----------+
+-+--------------+----------+

Report Cell Usage: 
+------+----------+------+
|      |Cell      |Count |
+------+----------+------+
|1     |DSP48E1   |     1|
|2     |DSP48E1_1 |     2|
|3     |SRL16E    |    17|
|4     |FDRE      |    48|
+------+----------+------+
---------------------------------------------------------------------------------
Finished Writing Synthesis Report : Time (s): cpu = 00:00:18 ; elapsed = 00:00:23 . Memory (MB): peak = 2214.152 ; gain = 390.246 ; free physical = 56763 ; free virtual = 62109
---------------------------------------------------------------------------------
Synthesis finished with 0 errors, 0 critical warnings and 2 warnings.
Synthesis Optimization Runtime : Time (s): cpu = 00:00:17 ; elapsed = 00:00:21 . Memory (MB): peak = 2214.152 ; gain = 294.434 ; free physical = 56826 ; free virtual = 62172
Synthesis Optimization Complete : Time (s): cpu = 00:00:19 ; elapsed = 00:00:23 . Memory (MB): peak = 2214.152 ; gain = 390.246 ; free physical = 56826 ; free virtual = 62172
INFO: [Project 1-571] Translating synthesized netlist
Netlist sorting complete. Time (s): cpu = 00:00:00 ; elapsed = 00:00:00.01 . Memory (MB): peak = 2214.152 ; gain = 0.000 ; free physical = 56820 ; free virtual = 62167
INFO: [Netlist 29-17] Analyzing 3 Unisim elements for replacement
INFO: [Netlist 29-28] Unisim Transformation completed in 0 CPU seconds
INFO: [Project 1-570] Preparing netlist for logic optimization
INFO: [Opt 31-138] Pushed 0 inverter(s) to 0 load pin(s).
Netlist sorting complete. Time (s): cpu = 00:00:00 ; elapsed = 00:00:00 . Memory (MB): peak = 2215.965 ; gain = 0.000 ; free physical = 56834 ; free virtual = 62182
INFO: [Project 1-111] Unisim Transformation Summary:
No Unisim elements were transformed.

INFO: [Common 17-83] Releasing license: Synthesis
17 Infos, 52 Warnings, 0 Critical Warnings and 0 Errors encountered.
synth_design completed successfully
synth_design: Time (s): cpu = 00:00:24 ; elapsed = 00:00:30 . Memory (MB): peak = 2215.965 ; gain = 665.789 ; free physical = 56962 ; free virtual = 62310
Netlist sorting complete. Time (s): cpu = 00:00:00 ; elapsed = 00:00:00 . Memory (MB): peak = 2215.965 ; gain = 0.000 ; free physical = 56962 ; free virtual = 62310
WARNING: [Constraints 18-5210] No constraints selected for write.
Resolution: This message can indicate that there are no constraints for the design, or it can indicate that the used_in flags are set such that the constraints are ignored. This later case is used when running synth_design to not write synthesis constraints to the resulting checkpoint. Instead, project constraints are read when the synthesized design is opened.
INFO: [Common 17-1381] The checkpoint '/home/fpga/project_fixed/project_fixed.runs/mult_nd_multiplier_synth_1/mult_nd_multiplier.dcp' has been generated.
WARNING: [Common 17-576] 'use_project_ipc' is deprecated. This option is deprecated and no longer used.
INFO: [Coretcl 2-1648] Added synthesis output to IP cache for IP mult_nd_multiplier, cache-ID = 0146a2b3979d54c1
INFO: [Coretcl 2-1174] Renamed 6 cell refs.
Netlist sorting complete. Time (s): cpu = 00:00:00 ; elapsed = 00:00:00 . Memory (MB): peak = 2218.934 ; gain = 0.000 ; free physical = 56965 ; free virtual = 62313
WARNING: [Constraints 18-5210] No constraints selected for write.
Resolution: This message can indicate that there are no constraints for the design, or it can indicate that the used_in flags are set such that the constraints are ignored. This later case is used when running synth_design to not write synthesis constraints to the resulting checkpoint. Instead, project constraints are read when the synthesized design is opened.
INFO: [Common 17-1381] The checkpoint '/home/fpga/project_fixed/project_fixed.runs/mult_nd_multiplier_synth_1/mult_nd_multiplier.dcp' has been generated.
INFO: [runtcl-4] Executing : report_utilization -file mult_nd_multiplier_utilization_synth.rpt -pb mult_nd_multiplier_utilization_synth.pb
INFO: [Common 17-206] Exiting Vivado at Tue Jul  7 08:47:52 2020...
